2023-08-05 13:36:47 - INFO - Scheduler started
2023-08-05 13:40:35 - INFO - Scheduler started
2023-08-05 13:40:35 - INFO - Scheduled tasks: set()
2023-08-05 13:41:44 - INFO - Scheduler started
2023-08-05 13:41:44 - INFO - Scheduled tasks: set()
2023-08-05 13:41:44 - INFO - Scheduling tasks for Inbound department, shift: Days
2023-08-05 13:41:44 - INFO - Scheduled hourly task for Inbound department, shift: Days at 2023-08-05 14:00:00
2023-08-05 13:41:44 - INFO - Scheduled hourly task for Inbound department, shift: Days at 2023-08-05 15:00:00
2023-08-05 13:43:20 - INFO - Scheduler started
2023-08-05 13:43:20 - INFO - Scheduled tasks: set()
2023-08-05 13:43:36 - INFO - Scheduler started
2023-08-05 13:43:36 - INFO - Scheduled tasks: set()
2023-08-05 13:44:05 - INFO - Scheduler started
2023-08-05 13:44:05 - INFO - Scheduled tasks: set()
2023-08-05 13:44:05 - INFO - Scheduling tasks for Inbound department, shift: Days
2023-08-05 13:44:05 - INFO - Scheduled hourly task for Inbound department, shift: Days at 2023-08-05 14:00:00
2023-08-05 13:44:05 - INFO - Scheduled hourly task for Inbound department, shift: Days at 2023-08-05 15:00:00
2023-08-05 13:45:00 - INFO - Scheduler started
2023-08-05 13:45:00 - INFO - Scheduled tasks: set()
2023-08-05 13:45:00 - INFO - Scheduling tasks for Inbound department, shift: Days
2023-08-05 13:45:00 - INFO - Scheduled hourly task for Inbound department, shift: Days at 2023-08-05 14:00:00
2023-08-05 13:45:00 - INFO - Scheduled hourly task for Inbound department, shift: Days at 2023-08-05 15:00:00
2023-08-05 13:53:48 - INFO - Scheduler started
2023-08-05 13:53:48 - INFO - Scheduled tasks: set()
2023-08-05 13:53:48 - INFO - Scheduling tasks for Inbound department, shift: Days
2023-08-05 13:53:48 - INFO - Scheduled hourly task for Inbound department, shift: Days at 2023-08-05 14:00:00
2023-08-05 13:53:48 - INFO - Scheduled hourly task for Inbound department, shift: Days at 2023-08-05 15:00:00
2023-08-05 13:59:05 - INFO - Scheduler started
2023-08-05 13:59:05 - INFO - Scheduled tasks: set()
2023-08-05 13:59:05 - INFO - Scheduling tasks for Inbound department, shift: Days
2023-08-05 13:59:05 - INFO - Scheduled hourly task for Inbound department, shift: Days at 2023-08-05 14:00:00
2023-08-05 13:59:05 - INFO - Scheduled hourly task for Inbound department, shift: Days at 2023-08-05 15:00:00
2023-08-05 14:07:25 - INFO - Scheduler started
2023-08-05 14:07:25 - INFO - Scheduled tasks: set()
2023-08-05 14:07:25 - INFO - Scheduling tasks for Inbound department, shift: Days
2023-08-05 14:08:22 - INFO - Scheduler started
2023-08-05 14:08:22 - INFO - Scheduled tasks: set()
2023-08-05 14:08:22 - INFO - Scheduling tasks for Inbound department, shift: Days
2023-08-05 14:09:47 - INFO - Scheduler started
2023-08-05 14:09:47 - INFO - Scheduled tasks: set()
2023-08-05 14:09:47 - INFO - Scheduling tasks for Inbound department, shift: Days
2023-08-05 14:10:52 - INFO - Scheduler started
2023-08-05 14:10:52 - INFO - Scheduled tasks: set()
2023-08-05 14:10:52 - INFO - Scheduling tasks for Inbound department, shift: Days
2023-08-05 14:10:52 - INFO - Scheduled hourly task for Inbound department, shift: Days at 2023-08-05 15:00:00
2023-08-05 14:15:00 - INFO - Running hourly task for Inbound department, shift: Days at 2023-08-05 14:15:00
2023-08-05 14:15:00 - INFO - Running inbound hourly task for Inbound department, shift: Days at 14:15
2023-08-05 14:17:04 - INFO - Scheduler started
2023-08-05 14:17:04 - INFO - Scheduled tasks: set()
2023-08-05 14:18:04 - INFO - Scheduler started
2023-08-05 14:25:02 - INFO - Scheduler started
2023-08-05 14:25:02 - INFO - Scheduled tasks: set()
2023-08-05 14:25:46 - INFO - Scheduler started
2023-08-05 14:25:46 - INFO - Scheduled tasks: set()
2023-08-05 14:27:14 - INFO - Scheduler started
2023-08-05 14:27:14 - INFO - Scheduled tasks: set()
2023-08-05 14:53:38 - INFO - Scheduler started
2023-08-05 14:53:38 - INFO - Scheduled tasks: set()
2023-08-05 14:56:01 - INFO - Scheduler started
2023-08-05 14:56:01 - INFO - Scheduled tasks: set()
2023-08-05 14:57:04 - INFO - Scheduler started
2023-08-05 14:57:04 - INFO - Scheduled tasks: set()
2023-08-05 15:07:27 - INFO - Scheduler started
2023-08-05 15:08:38 - INFO - Scheduler started
2023-08-05 15:12:10 - INFO - Scheduler started
2023-08-05 15:13:41 - INFO - Scheduler started
2023-08-05 15:14:43 - INFO - Scheduler started
2023-08-05 15:15:25 - INFO - Scheduler started
2023-08-05 15:16:11 - INFO - Scheduler started
2023-08-05 15:16:47 - INFO - Scheduler started
2023-08-05 15:17:23 - INFO - Scheduler started
2023-08-05 15:18:54 - INFO - Scheduler started
2023-08-05 15:19:54 - INFO - Scheduler started
2023-08-05 15:20:48 - INFO - Scheduler started
2023-08-05 15:22:41 - INFO - Scheduler started
2023-08-05 15:23:43 - INFO - Scheduler started
2023-08-05 15:29:54 - INFO - Scheduler started
2023-08-05 15:31:43 - INFO - Scheduler started
2023-08-05 15:34:26 - INFO - Scheduler started
2023-08-05 15:35:39 - INFO - Scheduler started
2023-08-05 15:36:38 - INFO - Scheduler started
2023-08-05 15:37:34 - INFO - Scheduler started
2023-08-05 15:39:12 - INFO - Scheduler started
2023-08-05 15:39:12 - INFO - Scheduled hourly task for Inbound department, shift: Days at 2023-08-06 06:00:12.125933
2023-08-05 15:39:12 - INFO - Scheduled quarterly task for Inbound department, shift: Days at 2023-08-06 06:00:12.141930
2023-08-05 15:39:12 - INFO - Scheduled tasks: set()
2023-08-05 15:39:12 - INFO - Scheduling tasks for Inbound department, shift: Days
2023-08-05 15:41:51 - INFO - Scheduler started
2023-08-05 15:41:51 - INFO - Scheduled hourly task for Inbound department, shift: Days at 2023-08-06 06:00:51.503521
2023-08-05 15:41:51 - INFO - Scheduled quarterly task for Inbound department, shift: Days at 2023-08-06 06:00:51.523171
2023-08-05 15:41:51 - INFO - Scheduled tasks: set()
2023-08-05 15:41:51 - INFO - Scheduling tasks for Inbound department, shift: Days
2023-08-05 15:43:06 - INFO - Scheduler started
2023-08-05 15:43:06 - INFO - Scheduled hourly task for Inbound department, shift: Days at 2023-08-06 06:00:06.219658
2023-08-05 15:43:06 - INFO - Scheduled quarterly task for Inbound department, shift: Days at 2023-08-06 06:00:06.237759
2023-08-05 15:43:06 - INFO - Scheduled tasks: set()
2023-08-05 15:43:06 - INFO - Scheduling tasks for Inbound department, shift: Days
2023-08-05 15:44:19 - INFO - Scheduler started
2023-08-05 15:44:56 - INFO - Scheduler started
2023-08-05 15:44:56 - INFO - Scheduled hourly task for Inbound department, shift: Days at 2023-08-06 06:00:56.265793
2023-08-05 15:44:56 - INFO - Scheduled quarterly task for Inbound department, shift: Days at 2023-08-06 06:00:56.281807
2023-08-05 15:44:56 - INFO - Scheduled tasks: set()
2023-08-05 15:44:56 - INFO - Scheduling tasks for Inbound department, shift: Days
2023-08-05 15:44:56 - INFO - Scheduled quarterly task for Inbound department, shift: Days at 2023-08-05 08:37:00
2023-08-05 15:44:56 - INFO - Scheduled quarterly task for Inbound department, shift: Days at 2023-08-05 11:15:00
2023-08-05 15:44:56 - INFO - Scheduled quarterly task for Inbound department, shift: Days at 2023-08-05 13:52:00
2023-08-05 15:44:56 - INFO - Scheduled quarterly task for Inbound department, shift: Days at 2023-08-05 16:30:00
2023-08-05 15:44:56 - INFO - Scheduled quarterly task for Inbound department, shift: Days at 2023-08-05 16:30:00
2023-08-05 15:53:24 - INFO - Scheduler started
2023-08-05 15:53:58 - INFO - Scheduler started
2023-08-05 15:54:31 - INFO - Scheduler started
2023-08-05 15:54:38 - INFO - Scheduler started
2023-08-05 15:54:38 - INFO - Scheduled tasks: set()
2023-08-05 15:54:38 - INFO - Scheduling tasks for Inbound department, shift: Days
2023-08-05 15:54:38 - INFO - Scheduled quarterly task for Inbound department, shift: Days at 2023-08-05 08:37:00
2023-08-05 15:54:38 - INFO - Scheduled quarterly task for Inbound department, shift: Days at 2023-08-05 11:15:00
2023-08-05 15:54:38 - INFO - Scheduled quarterly task for Inbound department, shift: Days at 2023-08-05 13:52:00
2023-08-05 15:54:38 - INFO - Scheduled quarterly task for Inbound department, shift: Days at 2023-08-05 16:30:00
2023-08-05 15:54:38 - INFO - Scheduled quarterly task for Inbound department, shift: Days at 2023-08-05 16:30:00
2023-08-05 15:55:34 - INFO - Scheduler started
2023-08-05 15:55:34 - INFO - Scheduled hourly task for Inbound department, shift: Days at 2023-08-06 06:00:34.857405
2023-08-05 15:55:34 - INFO - Scheduled quarterly task for Inbound department, shift: Days at 2023-08-06 06:00:34.876402
2023-08-05 15:55:34 - INFO - Scheduled tasks: set()
2023-08-05 15:55:34 - INFO - Scheduling tasks for Inbound department, shift: Days
2023-08-05 15:55:34 - INFO - Scheduled quarterly task for Inbound department, shift: Days at 2023-08-05 08:37:00
2023-08-05 15:55:34 - INFO - Scheduled quarterly task for Inbound department, shift: Days at 2023-08-05 11:15:00
2023-08-05 15:55:34 - INFO - Scheduled quarterly task for Inbound department, shift: Days at 2023-08-05 13:52:00
2023-08-05 15:55:34 - INFO - Scheduled quarterly task for Inbound department, shift: Days at 2023-08-05 16:30:00
2023-08-05 15:55:34 - INFO - Scheduled quarterly task for Inbound department, shift: Days at 2023-08-05 16:30:00
2023-08-05 15:56:36 - INFO - Scheduler started
2023-08-05 15:56:36 - INFO - Scheduled hourly task for Inbound department, shift: Days at 2023-08-06 06:00:36.822587
2023-08-05 15:56:36 - INFO - Scheduled quarterly task for Inbound department, shift: Days at 2023-08-06 06:00:36.839868
2023-08-05 15:56:36 - INFO - Scheduled tasks: set()
2023-08-05 15:56:36 - INFO - Scheduling tasks for Inbound department, shift: Days
2023-08-05 15:56:36 - INFO - Scheduled quarterly task for Inbound department, shift: Days at 2023-08-05 16:30:00
2023-08-05 15:58:14 - INFO - Scheduler started
2023-08-05 15:58:14 - INFO - Scheduled hourly task for Inbound department, shift: Days at 2023-08-06 06:00:14.851299
2023-08-05 15:58:14 - INFO - Scheduled quarterly task for Inbound department, shift: Days at 2023-08-06 06:00:14.879408
2023-08-05 15:58:14 - INFO - Scheduled tasks: set()
2023-08-05 15:58:14 - INFO - Scheduling tasks for Inbound department, shift: Days
2023-08-05 16:00:11 - INFO - Scheduler started
2023-08-05 16:00:11 - INFO - Scheduled hourly task for Inbound department, shift: Days at 2023-08-06 06:00:11.167026
2023-08-05 16:00:11 - INFO - Scheduled quarterly task for Inbound department, shift: Days at 2023-08-06 06:00:11.185035
2023-08-05 16:00:11 - INFO - Scheduled hourly task for Inbound department, shift: Days at 2023-08-06 06:00:11.187463
2023-08-05 16:00:11 - INFO - Scheduled quarterly task for Inbound department, shift: Days at 2023-08-06 06:00:11.205533
2023-08-05 16:05:23 - INFO - Scheduler started
2023-08-05 16:05:23 - INFO - Scheduled hourly task for Inbound department, shift: Days at 2023-08-06 06:00:23.332282
2023-08-05 16:05:23 - INFO - Scheduled quarterly task for Inbound department, shift: Days at 2023-08-06 06:00:23.350352
2023-08-05 16:05:23 - INFO - Scheduled hourly task for Inbound department, shift: Days at 2023-08-06 06:00:23.351906
2023-08-05 16:05:23 - INFO - Scheduled quarterly task for Inbound department, shift: Days at 2023-08-06 06:00:23.369285
2023-08-05 16:05:35 - INFO - Scheduler started
2023-08-05 16:05:35 - INFO - Scheduled hourly task for Inbound department, shift: Days at 2023-08-06 06:00:35.587741
2023-08-05 16:05:35 - INFO - Scheduled quarterly task for Inbound department, shift: Days at 2023-08-06 06:00:35.624767
2023-08-05 16:05:35 - INFO - Scheduled hourly task for Inbound department, shift: Days at 2023-08-06 06:00:35.626733
2023-08-05 16:05:35 - INFO - Scheduled quarterly task for Inbound department, shift: Days at 2023-08-06 06:00:35.648737
2023-08-05 16:12:08 - INFO - Scheduler started
2023-08-05 16:12:08 - INFO - Scheduled hourly task for Inbound department, shift: Days at 2023-08-06 06:00:08.031085
2023-08-05 16:12:08 - INFO - Scheduled quarterly task for Inbound department, shift: Days at 2023-08-06 06:00:08.051084
2023-08-05 16:12:08 - INFO - Scheduled hourly task for Inbound department, shift: Days at 2023-08-06 06:00:08.052802
2023-08-05 16:12:08 - INFO - Scheduled quarterly task for Inbound department, shift: Days at 2023-08-06 06:00:08.072808
2023-08-05 16:12:33 - INFO - Scheduler started
2023-08-05 16:12:33 - INFO - Scheduled hourly task for Inbound department, shift: Days at 2023-08-06 06:00:33.988911
2023-08-05 16:12:34 - INFO - Scheduled quarterly task for Inbound department, shift: Days at 2023-08-06 06:00:34.007908
2023-08-05 16:12:34 - INFO - Scheduled hourly task for Inbound department, shift: Days at 2023-08-06 06:00:34.008942
2023-08-05 16:12:34 - INFO - Scheduled quarterly task for Inbound department, shift: Days at 2023-08-06 06:00:34.024996
2023-08-05 16:14:48 - INFO - Scheduler started
2023-08-05 16:14:48 - INFO - Scheduled hourly task for Inbound department, shift: Days at 2023-08-06 06:00:48.166767
2023-08-05 16:14:48 - INFO - Scheduled quarterly task for Inbound department, shift: Days at 2023-08-06 06:00:48.183831
2023-08-05 16:14:48 - INFO - Scheduled hourly task for Inbound department, shift: Days at 2023-08-06 06:00:48.185829
2023-08-05 16:14:48 - INFO - Scheduled quarterly task for Inbound department, shift: Days at 2023-08-06 06:00:48.202858
2023-08-05 16:15:03 - INFO - Scheduler started
2023-08-05 16:15:03 - INFO - Scheduled hourly task for Inbound department, shift: Days at 2023-08-06 06:00:03.542203
2023-08-05 16:15:03 - INFO - Scheduled quarterly task for Inbound department, shift: Days at 2023-08-06 06:00:03.563569
2023-08-05 16:15:03 - INFO - Scheduled hourly task for Inbound department, shift: Days at 2023-08-06 06:00:03.564599
2023-08-05 16:15:03 - INFO - Scheduled quarterly task for Inbound department, shift: Days at 2023-08-06 06:00:03.583567
2023-08-05 16:15:22 - INFO - Scheduler started
2023-08-05 16:15:22 - INFO - Scheduled hourly task for Inbound department, shift: Days at 2023-08-06 06:00:22.711128
2023-08-05 16:15:22 - INFO - Scheduled quarterly task for Inbound department, shift: Days at 2023-08-06 06:00:22.729100
2023-08-05 16:15:22 - INFO - Scheduled hourly task for Inbound department, shift: Days at 2023-08-06 06:00:22.731060
2023-08-05 16:15:22 - INFO - Scheduled quarterly task for Inbound department, shift: Days at 2023-08-06 06:00:22.750343
2023-08-05 16:15:39 - INFO - Scheduler started
2023-08-05 16:15:39 - INFO - Scheduled hourly task for Inbound department, shift: Days at 2023-08-06 06:00:39.711332
2023-08-05 16:15:39 - INFO - Scheduled quarterly task for Inbound department, shift: Days at 2023-08-06 06:00:39.730629
2023-08-05 16:15:39 - INFO - Scheduled hourly task for Inbound department, shift: Days at 2023-08-06 06:00:39.732155
2023-08-05 16:15:39 - INFO - Scheduled quarterly task for Inbound department, shift: Days at 2023-08-06 06:00:39.747268
2023-08-05 16:16:03 - INFO - Scheduler started
2023-08-05 16:16:03 - INFO - Scheduled hourly task for Inbound department, shift: Days at 2023-08-06 06:00:03.677727
2023-08-05 16:16:03 - INFO - Scheduled quarterly task for Inbound department, shift: Days at 2023-08-06 06:00:03.696580
2023-08-05 16:16:03 - INFO - Scheduled hourly task for Inbound department, shift: Days at 2023-08-06 06:00:03.698528
2023-08-05 16:16:03 - INFO - Scheduled quarterly task for Inbound department, shift: Days at 2023-08-06 06:00:03.717393
2023-08-05 16:16:33 - INFO - Scheduler started
2023-08-05 16:16:33 - INFO - Scheduled hourly task for Inbound department, shift: Days at 2023-08-06 06:00:33.486839
2023-08-05 16:16:33 - INFO - Scheduled quarterly task for Inbound department, shift: Days at 2023-08-06 06:00:33.508034
2023-08-05 16:16:33 - INFO - Scheduled hourly task for Inbound department, shift: Days at 2023-08-06 06:00:33.508923
2023-08-05 16:16:33 - INFO - Scheduled quarterly task for Inbound department, shift: Days at 2023-08-06 06:00:33.529746
2023-08-05 16:17:08 - INFO - Scheduler started
2023-08-05 16:17:08 - INFO - Scheduled hourly task for Inbound department, shift: Days at 2023-08-06 06:00:08.082082
2023-08-05 16:17:08 - INFO - Scheduled quarterly task for Inbound department, shift: Days at 2023-08-06 06:00:08.100089
2023-08-05 16:17:08 - INFO - Scheduled hourly task for Inbound department, shift: Days at 2023-08-06 06:00:08.101982
2023-08-05 16:17:08 - INFO - Scheduled quarterly task for Inbound department, shift: Days at 2023-08-06 06:00:08.119083
2023-08-05 16:18:08 - INFO - Scheduler started
2023-08-05 16:18:08 - INFO - Scheduled hourly task for Inbound department, shift: Days at 2023-08-06 06:00:08.722032
2023-08-05 16:18:08 - INFO - Scheduled quarterly task for Inbound department, shift: Days at 2023-08-06 06:00:08.739028
2023-08-05 16:18:08 - INFO - Scheduled hourly task for Inbound department, shift: Days at 2023-08-06 06:00:08.741266
2023-08-05 16:18:08 - INFO - Scheduled quarterly task for Inbound department, shift: Days at 2023-08-06 06:00:08.758271
2023-08-05 16:18:39 - INFO - Scheduler started
2023-08-05 16:18:39 - INFO - Scheduled hourly task for Inbound department, shift: Days at 2023-08-06 06:00:39.704349
2023-08-05 16:18:39 - INFO - Scheduled quarterly task for Inbound department, shift: Days at 2023-08-06 06:00:39.722342
2023-08-05 16:18:39 - INFO - Scheduled hourly task for Inbound department, shift: Days at 2023-08-06 06:00:39.724375
2023-08-05 16:18:39 - INFO - Scheduled quarterly task for Inbound department, shift: Days at 2023-08-06 06:00:39.742297
2023-08-05 16:19:36 - INFO - Scheduler started
2023-08-05 16:19:36 - INFO - Scheduled hourly task for Inbound department, shift: Days at 2023-08-06 06:00:36.376252
2023-08-05 16:19:36 - INFO - Scheduled quarterly task for Inbound department, shift: Days at 2023-08-06 06:00:36.395403
2023-08-05 16:19:36 - INFO - Scheduled hourly task for Inbound department, shift: Days at 2023-08-06 06:00:36.397360
2023-08-05 16:19:36 - INFO - Scheduled quarterly task for Inbound department, shift: Days at 2023-08-06 06:00:36.414582
2023-08-05 16:21:20 - INFO - Scheduler started
2023-08-05 16:21:20 - INFO - Scheduled hourly task for Inbound department, shift: Days at 2023-08-06 06:00:20.307183
2023-08-05 16:21:20 - INFO - Scheduled quarterly task for Inbound department, shift: Days at 2023-08-06 06:00:20.338451
2023-08-05 16:21:20 - INFO - Scheduled hourly task for Inbound department, shift: Days at 2023-08-06 06:00:20.338451
2023-08-05 16:21:20 - INFO - Scheduled quarterly task for Inbound department, shift: Days at 2023-08-06 06:00:20.360632
2023-08-05 16:22:23 - INFO - Scheduler started
2023-08-05 16:22:23 - INFO - Scheduled hourly task for Inbound department, shift: Days at 2023-08-06 06:00:23.642750
2023-08-05 16:22:23 - INFO - Scheduled quarterly task for Inbound department, shift: Days at 2023-08-06 06:00:23.658415
2023-08-05 16:22:23 - INFO - Scheduled hourly task for Inbound department, shift: Days at 2023-08-06 06:00:23.658415
2023-08-05 16:22:23 - INFO - Scheduled quarterly task for Inbound department, shift: Days at 2023-08-06 06:00:23.685851
2023-08-05 16:25:44 - INFO - Scheduler started
2023-08-05 16:25:44 - INFO - Scheduled hourly task for Inbound department, shift: Days at 2023-08-06 06:00:44.756421
2023-08-05 16:25:44 - INFO - Scheduled quarterly task for Inbound department, shift: Days at 2023-08-06 06:00:44.772153
2023-08-05 16:25:44 - INFO - Scheduled hourly task for Inbound department, shift: Days at 2023-08-06 06:00:44.780212
2023-08-05 16:25:44 - INFO - Scheduled quarterly task for Inbound department, shift: Days at 2023-08-06 06:00:44.797266
2023-08-05 16:26:40 - INFO - Scheduler started
2023-08-05 16:26:40 - INFO - Scheduled hourly task for Inbound department, shift: Days at 2023-08-06 06:00:40.500499
2023-08-05 16:26:40 - INFO - Scheduled quarterly task for Inbound department, shift: Days at 2023-08-06 06:00:40.515530
2023-08-05 16:26:40 - INFO - Scheduled hourly task for Inbound department, shift: Days at 2023-08-06 06:00:40.515530
2023-08-05 16:26:40 - INFO - Scheduled quarterly task for Inbound department, shift: Days at 2023-08-06 06:00:40.547039
2023-08-05 16:26:55 - INFO - Scheduler started
2023-08-05 16:26:55 - INFO - Scheduled hourly task for Inbound department, shift: Days at 2023-08-06 06:00:55.948015
2023-08-05 16:26:55 - INFO - Scheduled quarterly task for Inbound department, shift: Days at 2023-08-06 06:00:55.956390
2023-08-05 16:26:55 - INFO - Scheduled hourly task for Inbound department, shift: Days at 2023-08-06 06:00:55.956390
2023-08-05 16:26:55 - INFO - Scheduled quarterly task for Inbound department, shift: Days at 2023-08-06 06:00:55.988037
2023-08-05 16:28:00 - INFO - Scheduler started
2023-08-05 16:28:00 - INFO - Scheduled hourly task for Inbound department, shift: Days at 2023-08-06 06:00:00.046382
2023-08-05 16:28:00 - INFO - Scheduled quarterly task for Inbound department, shift: Days at 2023-08-06 06:00:00.061898
2023-08-05 16:28:00 - INFO - Scheduled hourly task for Inbound department, shift: Days at 2023-08-06 06:00:00.061898
2023-08-05 16:28:00 - INFO - Scheduled quarterly task for Inbound department, shift: Days at 2023-08-06 06:00:00.086492
2023-08-05 16:28:21 - INFO - Scheduler started
2023-08-05 16:28:21 - INFO - Scheduled hourly task for Inbound department, shift: Days at 2023-08-06 06:00:21.217345
2023-08-05 16:28:21 - INFO - Scheduled quarterly task for Inbound department, shift: Days at 2023-08-06 06:00:21.236414
2023-08-05 16:28:21 - INFO - Scheduled hourly task for Inbound department, shift: Days at 2023-08-06 06:00:21.237312
2023-08-05 16:28:21 - INFO - Scheduled quarterly task for Inbound department, shift: Days at 2023-08-06 06:00:21.255467
2023-08-05 16:30:04 - INFO - Scheduler started
2023-08-05 16:30:04 - INFO - Scheduled hourly task for Inbound department, shift: Days at 2023-08-06 06:00:04.041217
2023-08-05 16:30:04 - INFO - Scheduled quarterly task for Inbound department, shift: Days at 2023-08-06 06:00:04.059321
2023-08-05 16:30:04 - INFO - Scheduled hourly task for Inbound department, shift: Days at 2023-08-06 06:00:04.061206
2023-08-05 16:30:04 - INFO - Scheduled quarterly task for Inbound department, shift: Days at 2023-08-06 06:00:04.079317
2023-08-05 16:30:33 - INFO - Scheduler started
2023-08-05 16:30:33 - INFO - Scheduled hourly task for Inbound department, shift: Days at 2023-08-06 06:00:33.125833
2023-08-05 16:30:33 - INFO - Scheduled quarterly task for Inbound department, shift: Days at 2023-08-06 06:00:33.144987
2023-08-05 16:30:33 - INFO - Scheduled hourly task for Inbound department, shift: Days at 2023-08-06 06:00:33.146268
2023-08-05 16:30:33 - INFO - Scheduled quarterly task for Inbound department, shift: Days at 2023-08-06 06:00:33.164031
2023-08-05 16:30:44 - INFO - Scheduler started
2023-08-05 16:30:44 - INFO - Scheduled hourly task for Inbound department, shift: Days at 2023-08-06 06:00:44.862612
2023-08-05 16:30:44 - INFO - Scheduled quarterly task for Inbound department, shift: Days at 2023-08-06 06:00:44.880449
2023-08-05 16:30:44 - INFO - Scheduled hourly task for Inbound department, shift: Days at 2023-08-06 06:00:44.882202
2023-08-05 16:30:44 - INFO - Scheduled quarterly task for Inbound department, shift: Days at 2023-08-06 06:00:44.900439
2023-08-05 16:30:55 - INFO - Scheduler started
2023-08-05 16:30:55 - INFO - Scheduled hourly task for Inbound department, shift: Days at 2023-08-06 06:00:55.300416
2023-08-05 16:30:55 - INFO - Scheduled quarterly task for Inbound department, shift: Days at 2023-08-06 06:00:55.319512
2023-08-05 16:30:55 - INFO - Scheduled hourly task for Inbound department, shift: Days at 2023-08-06 06:00:55.320411
2023-08-05 16:30:55 - INFO - Scheduled quarterly task for Inbound department, shift: Days at 2023-08-06 06:00:55.340317
2023-08-05 16:31:04 - INFO - Scheduler started
2023-08-05 16:31:04 - INFO - Scheduled hourly task for Inbound department, shift: Days at 2023-08-06 06:00:04.385051
2023-08-05 16:31:04 - INFO - Scheduled quarterly task for Inbound department, shift: Days at 2023-08-06 06:00:04.402134
2023-08-05 16:31:04 - INFO - Scheduled hourly task for Inbound department, shift: Days at 2023-08-06 06:00:04.403119
2023-08-05 16:31:04 - INFO - Scheduled quarterly task for Inbound department, shift: Days at 2023-08-06 06:00:04.421227
2023-08-05 16:31:19 - INFO - Scheduler started
2023-08-05 16:31:19 - INFO - Scheduled hourly task for Inbound department, shift: Days at 2023-08-06 06:00:19.342631
2023-08-05 16:31:19 - INFO - Scheduled quarterly task for Inbound department, shift: Days at 2023-08-06 06:00:19.361730
2023-08-05 16:31:19 - INFO - Scheduled hourly task for Inbound department, shift: Days at 2023-08-06 06:00:19.364664
2023-08-05 16:31:19 - INFO - Scheduled quarterly task for Inbound department, shift: Days at 2023-08-06 06:00:19.382685
2023-08-05 16:33:01 - INFO - Scheduler started
2023-08-05 16:33:01 - INFO - Scheduled hourly task for Inbound department, shift: Days at 2023-08-06 06:00:01.176547
2023-08-05 16:33:01 - INFO - Scheduled quarterly task for Inbound department, shift: Days at 2023-08-06 06:00:01.192163
2023-08-05 16:33:01 - INFO - Scheduled hourly task for Inbound department, shift: Days at 2023-08-06 06:00:01.192163
2023-08-05 16:33:01 - INFO - Scheduled quarterly task for Inbound department, shift: Days at 2023-08-06 06:00:01.219299
2023-08-05 16:33:18 - INFO - Scheduler started
2023-08-05 16:33:18 - INFO - Scheduled hourly task for Inbound department, shift: Days at 2023-08-06 06:00:18.876868
2023-08-05 16:33:18 - INFO - Scheduled quarterly task for Inbound department, shift: Days at 2023-08-06 06:00:18.891991
2023-08-05 16:33:18 - INFO - Scheduled hourly task for Inbound department, shift: Days at 2023-08-06 06:00:18.891991
2023-08-05 16:33:18 - INFO - Scheduled quarterly task for Inbound department, shift: Days at 2023-08-06 06:00:18.917906
2023-08-05 16:39:08 - INFO - Scheduler started
2023-08-05 16:39:08 - INFO - Scheduled hourly task for Inbound department, shift: Days at 2023-08-06 06:00:08.756636
2023-08-05 16:39:08 - INFO - Scheduled quarterly task for Inbound department, shift: Days at 2023-08-06 06:00:08.759943
2023-08-05 16:39:08 - INFO - Scheduled hourly task for Inbound department, shift: Days at 2023-08-06 06:00:08.759943
2023-08-05 16:39:08 - INFO - Scheduled quarterly task for Inbound department, shift: Days at 2023-08-06 06:00:08.793298
2023-08-05 16:44:24 - INFO - Scheduler started
2023-08-05 16:44:24 - INFO - Scheduled hourly task for Inbound department, shift: Days at 2023-08-06 06:00:24.688719
2023-08-05 16:44:24 - INFO - Scheduled quarterly task for Inbound department, shift: Days at 2023-08-06 06:00:24.707702
2023-08-05 16:44:38 - INFO - Scheduler started
2023-08-05 16:44:38 - INFO - Scheduled hourly task for Inbound department, shift: Days at 2023-08-06 06:00:38.910387
2023-08-05 16:44:38 - INFO - Scheduled quarterly task for Inbound department, shift: Days at 2023-08-06 06:00:38.926018
2023-08-05 16:44:38 - INFO - Scheduled quarterly task for Outbound department, shift: Days at 2023-08-06 07:00:38.941685
2023-08-05 16:44:38 - INFO - Scheduled hourly task for Inbound department, shift: Days at 2023-08-06 06:00:38.941685
2023-08-05 16:44:38 - INFO - Scheduled quarterly task for Inbound department, shift: Days at 2023-08-06 06:00:38.968921
2023-08-05 16:44:38 - INFO - Scheduled quarterly task for Outbound department, shift: Days at 2023-08-06 07:00:38.990858
2023-08-05 16:46:29 - INFO - Scheduler started
2023-08-05 16:46:29 - INFO - Scheduled hourly task for Inbound department, shift: Days at 2023-08-06 06:00:29.947674
2023-08-05 16:46:29 - INFO - Scheduled quarterly task for Inbound department, shift: Days at 2023-08-06 06:00:29.966753
2023-08-05 16:46:44 - INFO - Scheduler started
2023-08-05 16:46:44 - INFO - Scheduled hourly task for Inbound department, shift: Days at 2023-08-06 06:00:44.784905
2023-08-05 16:46:44 - INFO - Scheduled quarterly task for Inbound department, shift: Days at 2023-08-06 06:00:44.811294
2023-08-05 16:46:44 - INFO - Scheduled quarterly task for Outbound department, shift: Days at 2023-08-06 07:00:44.834381
2023-08-05 16:46:44 - INFO - Scheduled hourly task for Inbound department, shift: Days at 2023-08-06 06:00:44.836268
2023-08-05 16:46:44 - INFO - Scheduled quarterly task for Inbound department, shift: Days at 2023-08-06 06:00:44.854361
2023-08-05 16:46:44 - INFO - Scheduled quarterly task for Outbound department, shift: Days at 2023-08-06 07:00:44.874315
2023-08-05 17:36:17 - INFO - Scheduler started
2023-08-05 17:37:30 - INFO - Scheduler started
2023-08-05 17:37:30 - INFO - Scheduled hourly task for Inbound department, shift: Days at 2023-08-06 06:00:30.722651
2023-08-05 17:38:06 - INFO - Scheduler started
2023-08-05 17:38:06 - INFO - Scheduled hourly task for Inbound department, shift: Days at 2023-08-06 06:00:06.573289
2023-08-05 17:38:06 - INFO - Scheduled quarterly task for Inbound department, shift: Days at 2023-08-06 06:00:06.599508
2023-08-05 17:38:06 - INFO - Scheduled quarterly task for Outbound department, shift: Days at 2023-08-06 07:00:06.609559
2023-08-05 17:38:06 - INFO - Scheduled hourly task for Inbound department, shift: Days at 2023-08-06 06:00:06.609559
2023-08-05 17:38:06 - INFO - Scheduled quarterly task for Inbound department, shift: Days at 2023-08-06 06:00:06.625067
2023-08-05 17:38:06 - INFO - Scheduled quarterly task for Outbound department, shift: Days at 2023-08-06 07:00:06.659947
2023-08-05 17:40:58 - INFO - Scheduler started
2023-08-05 17:40:58 - INFO - Scheduled hourly task for Inbound department, shift: Days at 2023-08-06 06:00:58.180076
2023-08-05 17:41:25 - INFO - Scheduler started
2023-08-05 17:41:25 - INFO - Scheduled hourly task for Inbound department, shift: Days at 2023-08-06 06:00:25.399578
2023-08-05 17:41:48 - INFO - Scheduler started
2023-08-05 17:41:48 - INFO - Scheduled hourly task for Inbound department, shift: Days at 2023-08-06 06:00:48.198641
2023-08-05 17:42:55 - INFO - Scheduler started
2023-08-05 17:42:55 - INFO - Scheduled hourly task for Inbound department, shift: Days at 2023-08-06 06:00:55.474174
2023-08-05 17:43:09 - INFO - Scheduler started
2023-08-05 17:43:09 - INFO - Scheduled hourly task for Inbound department, shift: Days at 2023-08-06 06:00:09.325080
2023-08-05 17:43:27 - INFO - Scheduler started
2023-08-05 17:43:27 - INFO - Scheduled hourly task for Inbound department, shift: Days at 2023-08-06 06:00:27.252447
2023-08-05 17:44:14 - INFO - Scheduler started
2023-08-05 17:44:14 - INFO - Scheduled hourly task for Inbound department, shift: Days at 2023-08-06 06:00:14.406042
2023-08-05 17:46:00 - INFO - Scheduler started
2023-08-05 17:46:00 - INFO - Scheduled hourly task for Inbound department, shift: Days at 2023-08-06 06:00:00.943437
2023-08-05 17:46:00 - INFO - Scheduled quarterly task for Inbound department, shift: Days at 2023-08-06 06:00:00.962100
2023-08-05 17:46:00 - INFO - Scheduled quarterly task for Outbound department, shift: Days at 2023-08-06 07:00:00.983383
2023-08-05 17:46:00 - INFO - Scheduled hourly task for Inbound department, shift: Days at 2023-08-06 06:00:00.985286
2023-08-05 17:46:01 - INFO - Scheduled quarterly task for Inbound department, shift: Days at 2023-08-06 06:00:01.006268
2023-08-05 17:46:01 - INFO - Scheduled quarterly task for Outbound department, shift: Days at 2023-08-06 07:00:01.026765
2023-08-05 17:46:22 - INFO - Scheduler started
2023-08-05 17:46:22 - INFO - Scheduled hourly task for Inbound department, shift: Days at 2023-08-06 06:00:22.522253
2023-08-05 17:46:22 - INFO - Scheduled quarterly task for Inbound department, shift: Days at 2023-08-06 06:00:22.537881
2023-08-05 17:46:22 - INFO - Scheduled quarterly task for Outbound department, shift: Days at 2023-08-06 07:00:22.560010
2023-08-05 17:46:22 - INFO - Scheduled hourly task for Inbound department, shift: Days at 2023-08-06 06:00:22.560010
2023-08-05 17:46:22 - INFO - Scheduled quarterly task for Inbound department, shift: Days at 2023-08-06 06:00:22.585756
2023-08-05 17:46:22 - INFO - Scheduled quarterly task for Outbound department, shift: Days at 2023-08-06 07:00:22.605757
2023-08-05 17:46:51 - INFO - Scheduler started
2023-08-05 17:46:51 - INFO - Scheduled hourly task for Inbound department, shift: Days at 2023-08-06 06:00:51.427024
2023-08-05 17:46:51 - INFO - Scheduled quarterly task for Inbound department, shift: Days at 2023-08-06 06:00:51.447023
2023-08-05 17:48:58 - INFO - Scheduler started
2023-08-05 17:48:58 - INFO - Scheduled hourly task for Inbound department, shift: Days at 2023-08-06 06:00:58.326669
2023-08-05 17:48:58 - INFO - Scheduled quarterly task for Inbound department, shift: Days at 2023-08-06 06:00:58.345567
2023-08-05 17:50:50 - INFO - Scheduler started
2023-08-05 17:50:50 - INFO - Scheduled hourly task for Inbound department, shift: Days at 2023-08-06 06:00:50.540678
2023-08-05 17:50:50 - INFO - Scheduled quarterly task for Inbound department, shift: Days at 2023-08-06 06:00:50.566782
2023-08-05 18:00:19 - INFO - Scheduler started
2023-08-05 18:00:19 - INFO - Scheduled hourly task for Inbound department, shift: Days at 2023-08-06 06:00:19.911677
2023-08-05 18:00:19 - INFO - Scheduled quarterly task for Inbound department, shift: Days at 2023-08-06 06:00:19.933694
2023-08-05 19:09:14 - INFO - Scheduler started
2023-08-05 19:10:12 - INFO - Scheduler started
2023-08-05 19:15:06 - INFO - Scheduler started
2023-08-05 19:15:21 - INFO - Scheduler started
2023-08-05 19:15:21 - INFO - Scheduled hourly task for Inbound department, shift: Days at 2023-08-05 20:15:21.390446
2023-08-05 19:15:21 - INFO - Scheduled quarterly task for Inbound department, shift: Days at 2023-08-06 06:00:21.415346
2023-08-05 19:16:58 - INFO - Scheduler started
2023-08-05 19:16:58 - INFO - Scheduled hourly task for Inbound department, shift: Days at 2023-08-05 20:16:58.889180
2023-08-05 19:16:58 - INFO - Scheduled quarterly task for Inbound department, shift: Days at 2023-08-06 06:00:58.912139
2023-08-05 19:17:46 - INFO - Scheduler started
2023-08-05 19:17:46 - INFO - Scheduled hourly task for Inbound department, shift: Days at 2023-08-05 20:17:46.054359
2023-08-05 19:17:46 - INFO - Scheduled quarterly task for Inbound department, shift: Days at 2023-08-06 06:00:46.079119
2023-08-05 19:24:20 - INFO - Scheduler started
2023-08-05 19:24:38 - INFO - Scheduler started
2023-08-05 19:24:38 - INFO - Scheduled hourly task for Inbound department, shift: Days at 2023-08-05 20:24:38.153117
2023-08-05 19:24:38 - INFO - Scheduled quarterly task for Inbound department, shift: Days at 2023-08-06 06:00:38.175101
2023-08-05 19:32:34 - INFO - Scheduler started
2023-08-05 19:32:34 - INFO - Scheduled hourly task for Inbound department, shift: Days at 2023-08-05 20:32:34.767440
2023-08-05 19:32:34 - INFO - Scheduled quarterly task for Inbound department, shift: Days at 1900-01-01 06:00:00
2023-08-05 19:32:34 - INFO - Scheduled quarterly task for Outbound department, shift: Nights at 2023-08-06 17:00:34.767685
2023-08-05 19:32:34 - INFO - Scheduled hourly task for Inbound department, shift: Days at 2023-08-05 20:32:34.767685
2023-08-05 19:32:34 - INFO - Scheduled quarterly task for Inbound department, shift: Days at 1900-01-01 06:00:00
2023-08-05 19:32:34 - INFO - Scheduled quarterly task for Outbound department, shift: Nights at 2023-08-06 17:00:34.767685
2023-08-05 19:34:46 - INFO - Scheduler started
2023-08-05 19:34:46 - INFO - Scheduled hourly task for Inbound department, shift: Days at 2023-08-05 20:34:46.541889
2023-08-05 19:34:46 - INFO - Scheduled quarterly task for Inbound department, shift: Days at 1900-01-01 06:00:00
2023-08-05 19:34:46 - INFO - Scheduled quarterly task for Outbound department, shift: Nights at 2023-08-06 17:00:46.541889
2023-08-05 19:34:46 - INFO - Scheduled hourly task for Inbound department, shift: Days at 2023-08-05 20:34:46.541889
2023-08-05 19:34:46 - INFO - Scheduled quarterly task for Inbound department, shift: Days at 1900-01-01 06:00:00
2023-08-05 19:34:46 - INFO - Scheduled quarterly task for Outbound department, shift: Nights at 2023-08-06 17:00:46.541889
2023-08-05 19:35:43 - INFO - Scheduler started
2023-08-05 19:35:43 - INFO - Scheduled hourly task for Inbound department, shift: Days at 2023-08-05 20:35:43.634683
2023-08-05 19:35:43 - INFO - Scheduled quarterly task for Inbound department, shift: Days at 2023-08-06 06:00:43.657640
2023-08-05 19:35:43 - INFO - Scheduled quarterly task for Outbound department, shift: Nights at 2023-08-06 17:00:43.657640
2023-08-05 19:35:43 - INFO - Scheduled hourly task for Inbound department, shift: Days at 2023-08-05 20:35:43.659584
2023-08-05 19:35:43 - INFO - Scheduled quarterly task for Inbound department, shift: Days at 2023-08-06 06:00:43.679516
2023-08-05 19:35:43 - INFO - Scheduled quarterly task for Outbound department, shift: Nights at 2023-08-06 17:00:43.679516
